<?xml version="1.0" encoding="UTF-8"?>
<coverage generated="1664265504903" clover="3.2.0">
  <project timestamp="1664265504903" name="All files">
    <metrics statements="346" coveredstatements="345" conditionals="100" coveredconditionals="91" methods="138" coveredmethods="136" elements="584" coveredelements="572" complexity="0" loc="346" ncloc="346" packages="10" files="16" classes="16"/>
    <package name="infrastructure">
      <metrics statements="45" coveredstatements="45" conditionals="16" coveredconditionals="15" methods="25" coveredmethods="25"/>
      <file name="clock.ts" path="/Users/cgombauld/node-js-tdd/src/infrastructure/clock.ts">
        <metrics statements="33" coveredstatements="33" conditionals="15" coveredconditionals="14" methods="19" coveredmethods="19"/>
        <line num="1" count="5" type="stmt"/>
        <line num="2" count="5" type="stmt"/>
        <line num="22" count="5" type="stmt"/>
        <line num="23" count="50" type="stmt"/>
        <line num="24" count="50" type="stmt"/>
        <line num="25" count="50" type="stmt"/>
        <line num="26" count="50" type="cond" truecount="2" falsecount="0"/>
        <line num="27" count="1" type="stmt"/>
        <line num="30" count="50" type="stmt"/>
        <line num="32" count="7" type="stmt"/>
        <line num="34" count="2" type="stmt"/>
        <line num="35" count="4" type="cond" truecount="2" falsecount="0"/>
        <line num="36" count="4" type="stmt"/>
        <line num="38" count="3" type="stmt"/>
        <line num="39" count="6" type="cond" truecount="1" falsecount="0"/>
        <line num="45" count="16" type="stmt"/>
        <line num="46" count="16" type="stmt"/>
        <line num="50" count="89" type="cond" truecount="3" falsecount="0"/>
        <line num="51" count="45" type="stmt"/>
        <line num="53" count="45" type="stmt"/>
        <line num="59" count="14" type="cond" truecount="1" falsecount="0"/>
        <line num="60" count="2" type="stmt"/>
        <line num="62" count="14" type="cond" truecount="3" falsecount="0"/>
        <line num="63" count="3" type="stmt"/>
        <line num="65" count="14" type="stmt"/>
        <line num="67" count="1" type="cond" truecount="0" falsecount="1"/>
        <line num="68" count="1" type="stmt"/>
        <line num="70" count="4" type="stmt"/>
        <line num="71" count="2" type="stmt"/>
        <line num="81" count="5" type="stmt"/>
        <line num="83" count="5" type="stmt"/>
        <line num="88" count="45" type="cond" truecount="2" falsecount="0"/>
        <line num="89" count="45" type="stmt"/>
      </file>
      <file name="command-line.ts" path="/Users/cgombauld/node-js-tdd/src/infrastructure/command-line.ts">
        <metrics statements="12" coveredstatements="12" conditionals="1" coveredconditionals="1" methods="6" coveredmethods="6"/>
        <line num="1" count="6" type="stmt"/>
        <line num="2" count="6" type="stmt"/>
        <line num="4" count="6" type="stmt"/>
        <line num="24" count="96" type="cond" truecount="1" falsecount="0"/>
        <line num="31" count="6" type="stmt"/>
        <line num="34" count="56" type="stmt"/>
        <line num="35" count="56" type="stmt"/>
        <line num="37" count="39" type="stmt"/>
        <line num="38" count="39" type="stmt"/>
        <line num="39" count="39" type="stmt"/>
        <line num="41" count="17" type="stmt"/>
        <line num="43" count="22" type="stmt"/>
      </file>
    </package>
    <package name="infrastructure.utils">
      <metrics statements="20" coveredstatements="20" conditionals="0" coveredconditionals="0" methods="5" coveredmethods="5"/>
      <file name="buildInfrastructure.ts" path="/Users/cgombauld/node-js-tdd/src/infrastructure/utils/buildInfrastructure.ts">
        <metrics statements="7" coveredstatements="7" conditionals="0" coveredconditionals="0" methods="1" coveredmethods="1"/>
        <line num="1" count="5" type="stmt"/>
        <line num="2" count="5" type="stmt"/>
        <line num="14" count="5" type="stmt"/>
        <line num="15" count="116" type="stmt"/>
        <line num="16" count="116" type="stmt"/>
        <line num="17" count="116" type="stmt"/>
        <line num="19" count="116" type="stmt"/>
      </file>
      <file name="trackOutput.ts" path="/Users/cgombauld/node-js-tdd/src/infrastructure/utils/trackOutput.ts">
        <metrics statements="13" coveredstatements="13" conditionals="0" coveredconditionals="0" methods="4" coveredmethods="4"/>
        <line num="5" count="8" type="stmt"/>
        <line num="6" count="39" type="stmt"/>
        <line num="7" count="39" type="stmt"/>
        <line num="8" count="52" type="stmt"/>
        <line num="10" count="39" type="stmt"/>
        <line num="12" count="39" type="stmt"/>
        <line num="13" count="17" type="stmt"/>
        <line num="15" count="17" type="stmt"/>
        <line num="17" count="17" type="stmt"/>
        <line num="20" count="39" type="stmt"/>
        <line num="21" count="1" type="stmt"/>
        <line num="22" count="1" type="stmt"/>
        <line num="25" count="39" type="stmt"/>
      </file>
    </package>
    <package name="rot13-cli">
      <metrics statements="5" coveredstatements="5" conditionals="1" coveredconditionals="1" methods="2" coveredmethods="2"/>
      <file name="rot13-cli.ts" path="/Users/cgombauld/node-js-tdd/src/rot13-cli/rot13-cli.ts">
        <metrics statements="5" coveredstatements="5" conditionals="1" coveredconditionals="1" methods="2" coveredmethods="2"/>
        <line num="3" count="2" type="stmt"/>
        <line num="4" count="2" type="stmt"/>
        <line num="6" count="2" type="cond" truecount="1" falsecount="0"/>
        <line num="7" count="1" type="stmt"/>
        <line num="9" count="1" type="stmt"/>
      </file>
    </package>
    <package name="rot13-cli.infrastructure">
      <metrics statements="64" coveredstatements="64" conditionals="16" coveredconditionals="13" methods="25" coveredmethods="25"/>
      <file name="http-client.ts" path="/Users/cgombauld/node-js-tdd/src/rot13-cli/infrastructure/http-client.ts">
        <metrics statements="57" coveredstatements="57" conditionals="14" coveredconditionals="11" methods="22" coveredmethods="22"/>
        <line num="1" count="2" type="stmt"/>
        <line num="2" count="2" type="stmt"/>
        <line num="3" count="2" type="stmt"/>
        <line num="7" count="2" type="stmt"/>
        <line num="30" count="2" type="stmt"/>
        <line num="31" count="9" type="cond" truecount="0" falsecount="1"/>
        <line num="32" count="9" type="cond" truecount="2" falsecount="0"/>
        <line num="33" count="9" type="stmt"/>
        <line num="34" count="9" type="stmt"/>
        <line num="35" count="9" type="stmt"/>
        <line num="39" count="2" type="stmt"/>
        <line num="40" count="9" type="stmt"/>
        <line num="43" count="2" type="stmt"/>
        <line num="44" count="9" type="stmt"/>
        <line num="46" count="2" type="stmt"/>
        <line num="48" count="2" type="stmt"/>
        <line num="49" count="9" type="cond" truecount="0" falsecount="1"/>
        <line num="50" count="9" type="cond" truecount="2" falsecount="0"/>
        <line num="53" count="9" type="stmt"/>
        <line num="54" count="9" type="stmt"/>
        <line num="55" count="9" type="stmt"/>
        <line num="57" count="9" type="stmt"/>
        <line num="59" count="2" type="stmt"/>
        <line num="61" count="7" type="stmt"/>
        <line num="62" count="9" type="stmt"/>
        <line num="65" count="2" type="stmt"/>
        <line num="66" count="11" type="stmt"/>
        <line num="67" count="5" type="stmt"/>
        <line num="90" count="2" type="stmt"/>
        <line num="91" count="9" type="stmt"/>
        <line num="92" count="9" type="stmt"/>
        <line num="94" count="11" type="stmt"/>
        <line num="95" count="11" type="stmt"/>
        <line num="96" count="11" type="stmt"/>
        <line num="97" count="11" type="cond" truecount="2" falsecount="0"/>
        <line num="98" count="11" type="stmt"/>
        <line num="99" count="11" type="cond" truecount="2" falsecount="0"/>
        <line num="101" count="22" type="cond" truecount="2" falsecount="0"/>
        <line num="102" count="11" type="stmt"/>
        <line num="111" count="11" type="stmt"/>
        <line num="120" count="11" type="stmt"/>
        <line num="121" count="11" type="stmt"/>
        <line num="123" count="11" type="stmt"/>
        <line num="124" count="11" type="stmt"/>
        <line num="125" count="11" type="stmt"/>
        <line num="126" count="11" type="stmt"/>
        <line num="128" count="11" type="stmt"/>
        <line num="129" count="11" type="cond" truecount="0" falsecount="1"/>
        <line num="130" count="11" type="stmt"/>
        <line num="133" count="11" type="stmt"/>
        <line num="134" count="11" type="stmt"/>
        <line num="138" count="11" type="stmt"/>
        <line num="141" count="4" type="stmt"/>
        <line num="145" count="2" type="stmt"/>
        <line num="146" count="2" type="stmt"/>
        <line num="148" count="10" type="cond" truecount="1" falsecount="0"/>
        <line num="157" count="7" type="stmt"/>
      </file>
      <file name="rot13-client.ts" path="/Users/cgombauld/node-js-tdd/src/rot13-cli/infrastructure/rot13-client.ts">
        <metrics statements="7" coveredstatements="7" conditionals="2" coveredconditionals="2" methods="3" coveredmethods="3"/>
        <line num="3" count="1" type="stmt"/>
        <line num="5" count="3" type="stmt"/>
        <line num="6" count="3" type="stmt"/>
        <line num="7" count="3" type="cond" truecount="1" falsecount="0"/>
        <line num="16" count="3" type="cond" truecount="1" falsecount="0"/>
        <line num="17" count="1" type="stmt"/>
        <line num="24" count="2" type="stmt"/>
      </file>
    </package>
    <package name="rot13-server.app">
      <metrics statements="17" coveredstatements="17" conditionals="3" coveredconditionals="3" methods="6" coveredmethods="6"/>
      <file name="rot13-server.ts" path="/Users/cgombauld/node-js-tdd/src/rot13-server/app/rot13-server.ts">
        <metrics statements="17" coveredstatements="17" conditionals="3" coveredconditionals="3" methods="6" coveredmethods="6"/>
        <line num="4" count="1" type="stmt"/>
        <line num="6" count="1" type="stmt"/>
        <line num="7" count="13" type="stmt"/>
        <line num="8" count="11" type="stmt"/>
        <line num="9" count="10" type="stmt"/>
        <line num="10" count="10" type="cond" truecount="1" falsecount="0"/>
        <line num="12" count="22" type="stmt"/>
        <line num="13" count="11" type="stmt"/>
        <line num="15" count="13" type="stmt"/>
        <line num="16" count="13" type="stmt"/>
        <line num="17" count="13" type="stmt"/>
        <line num="18" count="13" type="cond" truecount="1" falsecount="0"/>
        <line num="19" count="1" type="stmt"/>
        <line num="20" count="12" type="cond" truecount="1" falsecount="0"/>
        <line num="21" count="1" type="stmt"/>
        <line num="22" count="11" type="stmt"/>
        <line num="23" count="22" type="stmt"/>
      </file>
    </package>
    <package name="rot13-server.core">
      <metrics statements="10" coveredstatements="10" conditionals="4" coveredconditionals="4" methods="5" coveredmethods="5"/>
      <file name="rot13.ts" path="/Users/cgombauld/node-js-tdd/src/rot13-server/core/rot13.ts">
        <metrics statements="10" coveredstatements="10" conditionals="4" coveredconditionals="4" methods="5" coveredmethods="5"/>
        <line num="1" count="118" type="stmt"/>
        <line num="3" count="2" type="stmt"/>
        <line num="4" count="92" type="stmt"/>
        <line num="5" count="92" type="cond" truecount="2" falsecount="0"/>
        <line num="6" count="92" type="stmt"/>
        <line num="9" count="2" type="stmt"/>
        <line num="10" count="118" type="cond" truecount="2" falsecount="0"/>
        <line num="12" count="2" type="stmt"/>
        <line num="13" count="13" type="stmt"/>
        <line num="15" count="118" type="stmt"/>
      </file>
    </package>
    <package name="rot13-server.infrastructure">
      <metrics statements="130" coveredstatements="130" conditionals="43" coveredconditionals="38" methods="52" coveredmethods="52"/>
      <file name="http-request.ts" path="/Users/cgombauld/node-js-tdd/src/rot13-server/infrastructure/http-request.ts">
        <metrics statements="50" coveredstatements="50" conditionals="26" coveredconditionals="25" methods="18" coveredmethods="18"/>
        <line num="2" count="3" type="stmt"/>
        <line num="3" count="3" type="stmt"/>
        <line num="4" count="3" type="stmt"/>
        <line num="35" count="34" type="stmt"/>
        <line num="36" count="34" type="stmt"/>
        <line num="38" count="34" type="stmt"/>
        <line num="39" count="15" type="cond" truecount="4" falsecount="0"/>
        <line num="41" count="34" type="stmt"/>
        <line num="42" count="30" type="cond" truecount="4" falsecount="0"/>
        <line num="44" count="34" type="stmt"/>
        <line num="49" count="34" type="stmt"/>
        <line num="55" count="13" type="stmt"/>
        <line num="56" count="26" type="cond" truecount="2" falsecount="0"/>
        <line num="57" count="13" type="cond" truecount="1" falsecount="0"/>
        <line num="58" count="2" type="stmt"/>
        <line num="60" count="11" type="stmt"/>
        <line num="61" count="11" type="stmt"/>
        <line num="62" count="11" type="stmt"/>
        <line num="63" count="13" type="stmt"/>
        <line num="65" count="11" type="stmt"/>
        <line num="66" count="11" type="stmt"/>
        <line num="70" count="15" type="stmt"/>
        <line num="82" count="3" type="stmt"/>
        <line num="83" count="25" type="stmt"/>
        <line num="84" count="18" type="stmt"/>
        <line num="91" count="3" type="stmt"/>
        <line num="93" count="25" type="cond" truecount="2" falsecount="0"/>
        <line num="94" count="25" type="cond" truecount="2" falsecount="0"/>
        <line num="95" count="25" type="cond" truecount="2" falsecount="0"/>
        <line num="96" count="25" type="cond" truecount="2" falsecount="0"/>
        <line num="98" count="25" type="cond" truecount="2" falsecount="0"/>
        <line num="99" count="25" type="stmt"/>
        <line num="100" count="25" type="stmt"/>
        <line num="101" count="25" type="stmt"/>
        <line num="102" count="25" type="stmt"/>
        <line num="103" count="25" type="stmt"/>
        <line num="105" count="27" type="stmt"/>
        <line num="106" count="27" type="cond" truecount="1" falsecount="0"/>
        <line num="107" count="9" type="stmt"/>
        <line num="108" count="9" type="stmt"/>
        <line num="111" count="27" type="cond" truecount="1" falsecount="0"/>
        <line num="112" count="9" type="stmt"/>
        <line num="113" count="9" type="stmt"/>
        <line num="114" count="9" type="stmt"/>
        <line num="117" count="27" type="stmt"/>
        <line num="119" count="3" type="stmt"/>
        <line num="121" count="3" type="stmt"/>
        <line num="123" count="9" type="stmt"/>
        <line num="129" count="27" type="cond" truecount="1" falsecount="0"/>
        <line num="130" count="25" type="stmt"/>
      </file>
      <file name="http-server.ts" path="/Users/cgombauld/node-js-tdd/src/rot13-server/infrastructure/http-server.ts">
        <metrics statements="55" coveredstatements="55" conditionals="15" coveredconditionals="11" methods="23" coveredmethods="23"/>
        <line num="1" count="3" type="stmt"/>
        <line num="2" count="3" type="stmt"/>
        <line num="3" count="3" type="stmt"/>
        <line num="4" count="3" type="stmt"/>
        <line num="7" count="3" type="stmt"/>
        <line num="9" count="14" type="cond" truecount="2" falsecount="0"/>
        <line num="11" count="14" type="stmt"/>
        <line num="12" count="14" type="stmt"/>
        <line num="15" count="3" type="stmt"/>
        <line num="16" count="1" type="stmt"/>
        <line num="18" count="3" type="stmt"/>
        <line num="20" count="3" type="stmt"/>
        <line num="21" count="14" type="stmt"/>
        <line num="45" count="3" type="stmt"/>
        <line num="48" count="20" type="stmt"/>
        <line num="51" count="20" type="stmt"/>
        <line num="52" count="19" type="stmt"/>
        <line num="54" count="1" type="stmt"/>
        <line num="58" count="1" type="stmt"/>
        <line num="72" count="32" type="stmt"/>
        <line num="73" count="32" type="stmt"/>
        <line num="76" count="32" type="stmt"/>
        <line num="78" count="4" type="stmt"/>
        <line num="79" count="30" type="stmt"/>
        <line num="80" count="30" type="stmt"/>
        <line num="81" count="30" type="cond" truecount="1" falsecount="0"/>
        <line num="82" count="1" type="stmt"/>
        <line num="84" count="29" type="stmt"/>
        <line num="85" count="29" type="stmt"/>
        <line num="86" count="29" type="stmt"/>
        <line num="87" count="1" type="stmt"/>
        <line num="91" count="29" type="stmt"/>
        <line num="95" count="9" type="stmt"/>
        <line num="97" count="9" type="stmt"/>
        <line num="101" count="9" type="cond" truecount="1" falsecount="0"/>
        <line num="106" count="9" type="stmt"/>
        <line num="107" count="9" type="cond" truecount="1" falsecount="1"/>
        <line num="108" count="3" type="stmt"/>
        <line num="110" count="9" type="stmt"/>
        <line num="113" count="29" type="stmt"/>
        <line num="114" count="29" type="stmt"/>
        <line num="116" count="16" type="stmt"/>
        <line num="117" count="16" type="stmt"/>
        <line num="118" count="16" type="cond" truecount="1" falsecount="0"/>
        <line num="119" count="1" type="stmt"/>
        <line num="122" count="15" type="stmt"/>
        <line num="123" count="15" type="stmt"/>
        <line num="124" count="15" type="stmt"/>
        <line num="127" count="13" type="cond" truecount="1" falsecount="0"/>
        <line num="129" count="12" type="cond" truecount="1" falsecount="0"/>
        <line num="130" count="1" type="stmt"/>
        <line num="134" count="11" type="stmt"/>
        <line num="139" count="3" type="stmt"/>
        <line num="141" count="15" type="stmt"/>
        <line num="147" count="17" type="stmt"/>
      </file>
      <file name="log.ts" path="/Users/cgombauld/node-js-tdd/src/rot13-server/infrastructure/log.ts">
        <metrics statements="25" coveredstatements="25" conditionals="2" coveredconditionals="2" methods="11" coveredmethods="11"/>
        <line num="1" count="4" type="stmt"/>
        <line num="2" count="4" type="stmt"/>
        <line num="5" count="4" type="stmt"/>
        <line num="7" count="4" type="stmt"/>
        <line num="9" count="4" type="stmt"/>
        <line num="10" count="6" type="cond" truecount="2" falsecount="0"/>
        <line num="12" count="4" type="stmt"/>
        <line num="15" count="10" type="stmt"/>
        <line num="16" count="6" type="stmt"/>
        <line num="24" count="185" type="stmt"/>
        <line num="34" count="4" type="stmt"/>
        <line num="35" count="37" type="stmt"/>
        <line num="36" count="37" type="stmt"/>
        <line num="44" count="37" type="stmt"/>
        <line num="49" count="185" type="stmt"/>
        <line num="50" count="10" type="stmt"/>
        <line num="51" count="10" type="stmt"/>
        <line num="52" count="10" type="stmt"/>
        <line num="53" count="10" type="stmt"/>
        <line num="55" count="37" type="stmt"/>
        <line num="57" count="37" type="stmt"/>
        <line num="58" count="37" type="stmt"/>
        <line num="59" count="185" type="stmt"/>
        <line num="63" count="37" type="stmt"/>
        <line num="65" count="13" type="stmt"/>
      </file>
    </package>
    <package name="rot13-server.routing">
      <metrics statements="31" coveredstatements="31" conditionals="4" coveredconditionals="4" methods="9" coveredmethods="9"/>
      <file name="rot13-response.ts" path="/Users/cgombauld/node-js-tdd/src/rot13-server/routing/rot13-response.ts">
        <metrics statements="15" coveredstatements="15" conditionals="0" coveredconditionals="0" methods="7" coveredmethods="7"/>
        <line num="6" count="10" type="stmt"/>
        <line num="12" count="1" type="stmt"/>
        <line num="13" count="7" type="stmt"/>
        <line num="14" count="7" type="stmt"/>
        <line num="18" count="7" type="stmt"/>
        <line num="20" count="1" type="stmt"/>
        <line num="21" count="1" type="stmt"/>
        <line num="23" count="1" type="stmt"/>
        <line num="24" count="1" type="stmt"/>
        <line num="26" count="1" type="stmt"/>
        <line num="27" count="3" type="stmt"/>
        <line num="29" count="1" type="stmt"/>
        <line num="30" count="2" type="stmt"/>
        <line num="32" count="1" type="stmt"/>
        <line num="33" count="3" type="stmt"/>
      </file>
      <file name="rot13-router.ts" path="/Users/cgombauld/node-js-tdd/src/rot13-server/routing/rot13-router.ts">
        <metrics statements="16" coveredstatements="16" conditionals="4" coveredconditionals="4" methods="2" coveredmethods="2"/>
        <line num="1" count="1" type="stmt"/>
        <line num="2" count="1" type="stmt"/>
        <line num="9" count="1" type="stmt"/>
        <line num="12" count="1" type="stmt"/>
        <line num="14" count="10" type="stmt"/>
        <line num="15" count="10" type="cond" truecount="1" falsecount="0"/>
        <line num="16" count="9" type="cond" truecount="1" falsecount="0"/>
        <line num="17" count="8" type="cond" truecount="1" falsecount="0"/>
        <line num="18" count="6" type="stmt"/>
        <line num="19" count="6" type="stmt"/>
        <line num="21" count="6" type="stmt"/>
        <line num="22" count="6" type="stmt"/>
        <line num="23" count="5" type="cond" truecount="1" falsecount="0"/>
        <line num="24" count="2" type="stmt"/>
        <line num="26" count="3" type="stmt"/>
        <line num="28" count="3" type="stmt"/>
      </file>
    </package>
    <package name="test-helper">
      <metrics statements="23" coveredstatements="22" conditionals="13" coveredconditionals="13" methods="7" coveredmethods="5"/>
      <file name="helper.ts" path="/Users/cgombauld/node-js-tdd/src/test-helper/helper.ts">
        <metrics statements="23" coveredstatements="22" conditionals="13" coveredconditionals="13" methods="7" coveredmethods="5"/>
        <line num="1" count="1" type="stmt"/>
        <line num="11" count="1" type="stmt"/>
        <line num="12" count="7" type="stmt"/>
        <line num="13" count="7" type="stmt"/>
        <line num="14" count="7" type="stmt"/>
        <line num="15" count="7" type="stmt"/>
        <line num="16" count="7" type="stmt"/>
        <line num="18" count="7" type="cond" truecount="2" falsecount="0"/>
        <line num="19" count="7" type="cond" truecount="7" falsecount="0"/>
        <line num="21" count="7" type="stmt"/>
        <line num="22" count="7" type="cond" truecount="4" falsecount="0"/>
        <line num="23" count="7" type="stmt"/>
        <line num="25" count="7" type="stmt"/>
        <line num="26" count="7" type="stmt"/>
        <line num="27" count="7" type="stmt"/>
        <line num="28" count="0" type="stmt"/>
        <line num="30" count="7" type="stmt"/>
        <line num="31" count="7" type="stmt"/>
        <line num="32" count="7" type="stmt"/>
        <line num="33" count="7" type="stmt"/>
        <line num="34" count="7" type="stmt"/>
        <line num="35" count="7" type="stmt"/>
        <line num="37" count="7" type="stmt"/>
      </file>
    </package>
    <package name="utils">
      <metrics statements="1" coveredstatements="1" conditionals="0" coveredconditionals="0" methods="2" coveredmethods="2"/>
      <file name="withConstructor.ts" path="/Users/cgombauld/node-js-tdd/src/utils/withConstructor.ts">
        <metrics statements="1" coveredstatements="1" conditionals="0" coveredconditionals="0" methods="2" coveredmethods="2"/>
        <line num="1" count="116" type="stmt"/>
      </file>
    </package>
  </project>
</coverage>
