{"/Users/cgombauld/node-js-tdd/src/app/app.ts": {"path":"/Users/cgombauld/node-js-tdd/src/app/app.ts","statementMap":{"0":{"start":{"line":1,"column":0},"end":{"line":1,"column":38}},"1":{"start":{"line":8,"column":13},"end":{"line":17,"column":2}},"2":{"start":{"line":10,"column":18},"end":{"line":10,"column":36}},"3":{"start":{"line":11,"column":4},"end":{"line":11,"column":80}},"4":{"start":{"line":11,"column":26},"end":{"line":11,"column":80}},"5":{"start":{"line":12,"column":4},"end":{"line":13,"column":65}},"6":{"start":{"line":13,"column":6},"end":{"line":13,"column":65}},"7":{"start":{"line":14,"column":19},"end":{"line":14,"column":34}},"8":{"start":{"line":15,"column":4},"end":{"line":15,"column":37}}},"fnMap":{"0":{"name":"(anonymous_0)","decl":{"start":{"line":9,"column":7},"end":{"line":9,"column":8}},"loc":{"start":{"line":9,"column":36},"end":{"line":16,"column":3}}}},"branchMap":{"0":{"loc":{"start":{"line":11,"column":4},"end":{"line":11,"column":80}},"type":"if","locations":[{"start":{"line":11,"column":4},"end":{"line":11,"column":80}}]},"1":{"loc":{"start":{"line":12,"column":4},"end":{"line":13,"column":65}},"type":"if","locations":[{"start":{"line":12,"column":4},"end":{"line":13,"column":65}}]}},"s":{"0":1,"1":1,"2":3,"3":3,"4":1,"5":2,"6":1,"7":1,"8":1},"f":{"0":3},"b":{"0":[1],"1":[1]}}
,"/Users/cgombauld/node-js-tdd/src/app/rot13-server.ts": {"path":"/Users/cgombauld/node-js-tdd/src/app/rot13-server.ts","statementMap":{"0":{"start":{"line":4,"column":19},"end":{"line":20,"column":1}},"1":{"start":{"line":5,"column":25},"end":{"line":8,"column":4}},"2":{"start":{"line":5,"column":68},"end":{"line":8,"column":4}},"3":{"start":{"line":6,"column":4},"end":{"line":6,"column":38}},"4":{"start":{"line":7,"column":4},"end":{"line":7,"column":63}},"5":{"start":{"line":9,"column":2},"end":{"line":19,"column":4}},"6":{"start":{"line":10,"column":27},"end":{"line":18,"column":null}},"7":{"start":{"line":11,"column":20},"end":{"line":11,"column":38}},"8":{"start":{"line":12,"column":6},"end":{"line":13,"column":70}},"9":{"start":{"line":13,"column":8},"end":{"line":13,"column":70}},"10":{"start":{"line":14,"column":6},"end":{"line":15,"column":79}},"11":{"start":{"line":15,"column":8},"end":{"line":15,"column":79}},"12":{"start":{"line":16,"column":19},"end":{"line":16,"column":28}},"13":{"start":{"line":17,"column":6},"end":{"line":17,"column":45}},"14":{"start":{"line":4,"column":13},"end":{"line":4,"column":19}}},"fnMap":{"0":{"name":"(anonymous_7)","decl":{"start":{"line":4,"column":19},"end":{"line":4,"column":20}},"loc":{"start":{"line":4,"column":72},"end":{"line":20,"column":1}}},"1":{"name":"(anonymous_8)","decl":{"start":{"line":5,"column":25},"end":{"line":5,"column":32}},"loc":{"start":{"line":5,"column":68},"end":{"line":8,"column":4}}},"2":{"name":"(anonymous_9)","decl":{"start":{"line":5,"column":68},"end":{"line":5,"column":null}},"loc":{"start":{"line":5,"column":68},"end":{"line":8,"column":3}}},"3":{"name":"(anonymous_10)","decl":{"start":{"line":10,"column":16},"end":{"line":10,"column":25}},"loc":{"start":{"line":10,"column":27},"end":{"line":18,"column":null}}},"4":{"name":"(anonymous_11)","decl":{"start":{"line":10,"column":27},"end":{"line":10,"column":null}},"loc":{"start":{"line":10,"column":27},"end":{"line":18,"column":5}}}},"branchMap":{"0":{"loc":{"start":{"line":12,"column":6},"end":{"line":13,"column":70}},"type":"if","locations":[{"start":{"line":12,"column":6},"end":{"line":13,"column":70}}]},"1":{"loc":{"start":{"line":14,"column":6},"end":{"line":15,"column":79}},"type":"if","locations":[{"start":{"line":14,"column":6},"end":{"line":15,"column":79}}]}},"s":{"0":1,"1":3,"2":1,"3":1,"4":1,"5":3,"6":3,"7":3,"8":3,"9":1,"10":2,"11":1,"12":1,"13":1,"14":1},"f":{"0":3,"1":1,"2":1,"3":3,"4":3},"b":{"0":[1],"1":[1]}}
,"/Users/cgombauld/node-js-tdd/src/core/rot13.ts": {"path":"/Users/cgombauld/node-js-tdd/src/core/rot13.ts","statementMap":{"0":{"start":{"line":1,"column":21},"end":{"line":1,"column":77}},"1":{"start":{"line":1,"column":50},"end":{"line":1,"column":77}},"2":{"start":{"line":3,"column":22},"end":{"line":7,"column":1}},"3":{"start":{"line":4,"column":15},"end":{"line":4,"column":35}},"4":{"start":{"line":5,"column":20},"end":{"line":5,"column":70}},"5":{"start":{"line":6,"column":2},"end":{"line":6,"column":19}},"6":{"start":{"line":9,"column":24},"end":{"line":10,"column":76}},"7":{"start":{"line":10,"column":2},"end":{"line":10,"column":76}},"8":{"start":{"line":12,"column":21},"end":{"line":16,"column":13}},"9":{"start":{"line":13,"column":2},"end":{"line":16,"column":13}},"10":{"start":{"line":15,"column":16},"end":{"line":15,"column":34}},"11":{"start":{"line":12,"column":13},"end":{"line":12,"column":21}}},"fnMap":{"0":{"name":"(anonymous_0)","decl":{"start":{"line":1,"column":21},"end":{"line":1,"column":22}},"loc":{"start":{"line":1,"column":50},"end":{"line":1,"column":77}}},"1":{"name":"(anonymous_1)","decl":{"start":{"line":3,"column":22},"end":{"line":3,"column":23}},"loc":{"start":{"line":3,"column":49},"end":{"line":7,"column":1}}},"2":{"name":"(anonymous_2)","decl":{"start":{"line":9,"column":24},"end":{"line":9,"column":25}},"loc":{"start":{"line":10,"column":2},"end":{"line":10,"column":76}}},"3":{"name":"(anonymous_3)","decl":{"start":{"line":12,"column":21},"end":{"line":12,"column":22}},"loc":{"start":{"line":13,"column":2},"end":{"line":16,"column":13}}},"4":{"name":"(anonymous_4)","decl":{"start":{"line":15,"column":9},"end":{"line":15,"column":10}},"loc":{"start":{"line":15,"column":16},"end":{"line":15,"column":34}}}},"branchMap":{"0":{"loc":{"start":{"line":5,"column":20},"end":{"line":5,"column":70}},"type":"cond-expr","locations":[{"start":{"line":5,"column":49},"end":{"line":5,"column":58}},{"start":{"line":5,"column":61},"end":{"line":5,"column":70}}]},"1":{"loc":{"start":{"line":10,"column":2},"end":{"line":10,"column":76}},"type":"cond-expr","locations":[{"start":{"line":10,"column":25},"end":{"line":10,"column":31}},{"start":{"line":10,"column":34},"end":{"line":10,"column":76}}]}},"s":{"0":2,"1":84,"2":2,"3":59,"4":59,"5":59,"6":2,"7":84,"8":2,"9":8,"10":84,"11":2},"f":{"0":84,"1":59,"2":84,"3":8,"4":84},"b":{"0":[31,28],"1":[25,59]}}
,"/Users/cgombauld/node-js-tdd/src/infrastructure/command-line.ts": {"path":"/Users/cgombauld/node-js-tdd/src/infrastructure/command-line.ts","statementMap":{"0":{"start":{"line":14,"column":27},"end":{"line":20,"column":2}},"1":{"start":{"line":14,"column":66},"end":{"line":20,"column":2}},"2":{"start":{"line":14,"column":13},"end":{"line":14,"column":27}},"3":{"start":{"line":22,"column":27},"end":{"line":36,"column":1}},"4":{"start":{"line":26,"column":2},"end":{"line":35,"column":4}},"5":{"start":{"line":28,"column":22},"end":{"line":28,"column":33}},"6":{"start":{"line":29,"column":6},"end":{"line":29,"column":36}},"7":{"start":{"line":30,"column":6},"end":{"line":30,"column":28}},"8":{"start":{"line":32,"column":16},"end":{"line":32,"column":37}},"9":{"start":{"line":34,"column":26},"end":{"line":34,"column":37}},"10":{"start":{"line":22,"column":13},"end":{"line":22,"column":27}}},"fnMap":{"0":{"name":"(anonymous_0)","decl":{"start":{"line":14,"column":27},"end":{"line":14,"column":28}},"loc":{"start":{"line":14,"column":66},"end":{"line":20,"column":2}}},"1":{"name":"(anonymous_1)","decl":{"start":{"line":16,"column":11},"end":{"line":16,"column":12}},"loc":{"start":{"line":16,"column":34},"end":{"line":16,"column":37}}},"2":{"name":"(anonymous_2)","decl":{"start":{"line":22,"column":27},"end":{"line":22,"column":null}},"loc":{"start":{"line":24,"column":17},"end":{"line":36,"column":1}}},"3":{"name":"(anonymous_3)","decl":{"start":{"line":27,"column":18},"end":{"line":27,"column":19}},"loc":{"start":{"line":27,"column":41},"end":{"line":31,"column":5}}},"4":{"name":"(anonymous_4)","decl":{"start":{"line":32,"column":10},"end":{"line":32,"column":13}},"loc":{"start":{"line":32,"column":16},"end":{"line":32,"column":37}}},"5":{"name":"(anonymous_5)","decl":{"start":{"line":34,"column":20},"end":{"line":34,"column":23}},"loc":{"start":{"line":34,"column":26},"end":{"line":34,"column":37}}}},"branchMap":{"0":{"loc":{"start":{"line":14,"column":28},"end":{"line":14,"column":47}},"type":"default-arg","locations":[{"start":{"line":14,"column":45},"end":{"line":14,"column":47}}]}},"s":{"0":3,"1":10,"2":3,"3":3,"4":10,"5":7,"6":7,"7":7,"8":8,"9":8,"10":3},"f":{"0":10,"1":7,"2":10,"3":7,"4":8,"5":8},"b":{"0":[3]}}
,"/Users/cgombauld/node-js-tdd/src/infrastructure/http-server.ts": {"path":"/Users/cgombauld/node-js-tdd/src/infrastructure/http-server.ts","statementMap":{"0":{"start":{"line":1,"column":0},"end":{"line":1,"column":34}},"1":{"start":{"line":2,"column":0},"end":{"line":2,"column":24}},"2":{"start":{"line":3,"column":0},"end":{"line":3,"column":29}},"3":{"start":{"line":4,"column":0},"end":{"line":4,"column":59}},"4":{"start":{"line":16,"column":23},"end":{"line":46,"column":1}},"5":{"start":{"line":16,"column":38},"end":{"line":46,"column":1}},"6":{"start":{"line":18,"column":2},"end":{"line":44,"column":null}},"7":{"start":{"line":20,"column":21},"end":{"line":20,"column":41}},"8":{"start":{"line":21,"column":46},"end":{"line":34,"column":null}},"9":{"start":{"line":22,"column":6},"end":{"line":34,"column":null}},"10":{"start":{"line":23,"column":8},"end":{"line":25,"column":null}},"11":{"start":{"line":24,"column":10},"end":{"line":24,"column":73}},"12":{"start":{"line":26,"column":8},"end":{"line":26,"column":37}},"13":{"start":{"line":27,"column":8},"end":{"line":31,"column":11}},"14":{"start":{"line":28,"column":10},"end":{"line":30,"column":12}},"15":{"start":{"line":32,"column":8},"end":{"line":32,"column":40}},"16":{"start":{"line":33,"column":8},"end":{"line":33,"column":28}},"17":{"start":{"line":35,"column":26},"end":{"line":44,"column":null}},"18":{"start":{"line":36,"column":6},"end":{"line":44,"column":null}},"19":{"start":{"line":37,"column":8},"end":{"line":39,"column":null}},"20":{"start":{"line":38,"column":10},"end":{"line":38,"column":73}},"21":{"start":{"line":41,"column":8},"end":{"line":41,"column":36}},"22":{"start":{"line":42,"column":8},"end":{"line":42,"column":23}},"23":{"start":{"line":43,"column":8},"end":{"line":43,"column":27}},"24":{"start":{"line":50,"column":4},"end":{"line":50,"column":12}},"25":{"start":{"line":53,"column":4},"end":{"line":53,"column":47}},"26":{"start":{"line":53,"column":23},"end":{"line":53,"column":45}},"27":{"start":{"line":57,"column":4},"end":{"line":57,"column":43}},"28":{"start":{"line":57,"column":23},"end":{"line":57,"column":41}},"29":{"start":{"line":61,"column":17},"end":{"line":63,"column":2}},"30":{"start":{"line":62,"column":22},"end":{"line":62,"column":42}},"31":{"start":{"line":65,"column":13},"end":{"line":69,"column":2}},"32":{"start":{"line":66,"column":16},"end":{"line":66,"column":75}},"33":{"start":{"line":68,"column":4},"end":{"line":68,"column":67}}},"fnMap":{"0":{"name":"(anonymous_8)","decl":{"start":{"line":16,"column":23},"end":{"line":16,"column":24}},"loc":{"start":{"line":16,"column":38},"end":{"line":46,"column":1}}},"1":{"name":"(anonymous_9)","decl":{"start":{"line":16,"column":38},"end":{"line":16,"column":39}},"loc":{"start":{"line":16,"column":49},"end":{"line":46,"column":1}}},"2":{"name":"(anonymous_10)","decl":{"start":{"line":20,"column":15},"end":{"line":20,"column":18}},"loc":{"start":{"line":20,"column":21},"end":{"line":20,"column":41}}},"3":{"name":"(anonymous_11)","decl":{"start":{"line":21,"column":16},"end":{"line":21,"column":23}},"loc":{"start":{"line":21,"column":46},"end":{"line":34,"column":null}}},"4":{"name":"(anonymous_12)","decl":{"start":{"line":21,"column":46},"end":{"line":21,"column":null}},"loc":{"start":{"line":21,"column":46},"end":{"line":34,"column":null}}},"5":{"name":"(anonymous_13)","decl":{"start":{"line":22,"column":18},"end":{"line":22,"column":19}},"loc":{"start":{"line":22,"column":38},"end":{"line":34,"column":7}}},"6":{"name":"(anonymous_14)","decl":{"start":{"line":27,"column":27},"end":{"line":27,"column":28}},"loc":{"start":{"line":27,"column":40},"end":{"line":31,"column":9}}},"7":{"name":"(anonymous_15)","decl":{"start":{"line":35,"column":15},"end":{"line":35,"column":24}},"loc":{"start":{"line":35,"column":26},"end":{"line":44,"column":null}}},"8":{"name":"(anonymous_16)","decl":{"start":{"line":35,"column":26},"end":{"line":35,"column":null}},"loc":{"start":{"line":35,"column":26},"end":{"line":44,"column":null}}},"9":{"name":"(anonymous_17)","decl":{"start":{"line":36,"column":18},"end":{"line":36,"column":19}},"loc":{"start":{"line":36,"column":30},"end":{"line":44,"column":7}}},"10":{"name":"(anonymous_18)","decl":{"start":{"line":49,"column":2},"end":{"line":49,"column":null}},"loc":{"start":{"line":49,"column":2},"end":{"line":51,"column":3}}},"11":{"name":"(anonymous_19)","decl":{"start":{"line":52,"column":2},"end":{"line":52,"column":8}},"loc":{"start":{"line":52,"column":8},"end":{"line":54,"column":3}}},"12":{"name":"(anonymous_20)","decl":{"start":{"line":53,"column":17},"end":{"line":53,"column":20}},"loc":{"start":{"line":53,"column":23},"end":{"line":53,"column":45}}},"13":{"name":"(anonymous_21)","decl":{"start":{"line":56,"column":2},"end":{"line":56,"column":7}},"loc":{"start":{"line":56,"column":7},"end":{"line":58,"column":3}}},"14":{"name":"(anonymous_22)","decl":{"start":{"line":57,"column":17},"end":{"line":57,"column":20}},"loc":{"start":{"line":57,"column":23},"end":{"line":57,"column":41}}},"15":{"name":"(anonymous_23)","decl":{"start":{"line":62,"column":16},"end":{"line":62,"column":19}},"loc":{"start":{"line":62,"column":22},"end":{"line":62,"column":42}}},"16":{"name":"(anonymous_24)","decl":{"start":{"line":66,"column":10},"end":{"line":66,"column":13}},"loc":{"start":{"line":66,"column":16},"end":{"line":66,"column":75}}},"17":{"name":"(anonymous_25)","decl":{"start":{"line":67,"column":14},"end":{"line":67,"column":17}},"loc":{"start":{"line":68,"column":4},"end":{"line":68,"column":67}}}},"branchMap":{"0":{"loc":{"start":{"line":23,"column":8},"end":{"line":25,"column":null}},"type":"if","locations":[{"start":{"line":23,"column":8},"end":{"line":25,"column":null}}]},"1":{"loc":{"start":{"line":37,"column":8},"end":{"line":39,"column":null}},"type":"if","locations":[{"start":{"line":37,"column":8},"end":{"line":39,"column":null}}]}},"s":{"0":2,"1":2,"2":2,"3":2,"4":2,"5":11,"6":11,"7":4,"8":10,"9":10,"10":10,"11":1,"12":9,"13":9,"14":1,"15":9,"16":9,"17":7,"18":7,"19":7,"20":1,"21":6,"22":6,"23":6,"24":3,"25":3,"26":3,"27":1,"28":1,"29":2,"30":3,"31":2,"32":6,"33":5},"f":{"0":11,"1":11,"2":4,"3":10,"4":10,"5":10,"6":1,"7":7,"8":7,"9":7,"10":3,"11":3,"12":3,"13":1,"14":1,"15":3,"16":6,"17":5},"b":{"0":[1],"1":[1]}}
,"/Users/cgombauld/node-js-tdd/src/utils/withConstructor.ts": {"path":"/Users/cgombauld/node-js-tdd/src/utils/withConstructor.ts","statementMap":{"0":{"start":{"line":1,"column":31},"end":{"line":5,"column":null}},"1":{"start":{"line":1,"column":52},"end":{"line":5,"column":null}},"2":{"start":{"line":1,"column":64},"end":{"line":5,"column":null}},"3":{"start":{"line":1,"column":13},"end":{"line":1,"column":31}}},"fnMap":{"0":{"name":"(anonymous_0)","decl":{"start":{"line":1,"column":31},"end":{"line":1,"column":32}},"loc":{"start":{"line":1,"column":52},"end":{"line":5,"column":null}}},"1":{"name":"(anonymous_1)","decl":{"start":{"line":1,"column":52},"end":{"line":1,"column":53}},"loc":{"start":{"line":1,"column":64},"end":{"line":5,"column":null}}}},"branchMap":{},"s":{"0":2,"1":11,"2":11,"3":2},"f":{"0":11,"1":11},"b":{}}
}
