{"/Users/cgombauld/node-js-tdd/src/clock-exemple/clock-exemple.ts": {"path":"/Users/cgombauld/node-js-tdd/src/clock-exemple/clock-exemple.ts","statementMap":{"0":{"start":{"line":4,"column":18},"end":{"line":14,"column":1}},"1":{"start":{"line":5,"column":63},"end":{"line":10,"column":4}},"2":{"start":{"line":12,"column":15},"end":{"line":12,"column":55}},"3":{"start":{"line":13,"column":2},"end":{"line":13,"column":33}},"4":{"start":{"line":4,"column":13},"end":{"line":4,"column":18}}},"fnMap":{"0":{"name":"(anonymous_0)","decl":{"start":{"line":4,"column":18},"end":{"line":4,"column":19}},"loc":{"start":{"line":4,"column":61},"end":{"line":14,"column":1}}}},"branchMap":{},"s":{"0":1,"1":1,"2":1,"3":1,"4":1},"f":{"0":1},"b":{}}
,"/Users/cgombauld/node-js-tdd/src/infrastructure/clock.ts": {"path":"/Users/cgombauld/node-js-tdd/src/infrastructure/clock.ts","statementMap":{"0":{"start":{"line":1,"column":0},"end":{"line":1,"column":29}},"1":{"start":{"line":2,"column":0},"end":{"line":2,"column":46}},"2":{"start":{"line":3,"column":0},"end":{"line":3,"column":59}},"3":{"start":{"line":23,"column":2},"end":{"line":51,"column":null}},"4":{"start":{"line":27,"column":53},"end":{"line":29,"column":null}},"5":{"start":{"line":28,"column":6},"end":{"line":28,"column":69}},"6":{"start":{"line":31,"column":2},"end":{"line":51,"column":null}},"7":{"start":{"line":31,"column":14},"end":{"line":51,"column":null}},"8":{"start":{"line":33,"column":15},"end":{"line":33,"column":25}},"9":{"start":{"line":35,"column":45},"end":{"line":38,"column":null}},"10":{"start":{"line":36,"column":6},"end":{"line":38,"column":null}},"11":{"start":{"line":37,"column":8},"end":{"line":37,"column":72}},"12":{"start":{"line":37,"column":30},"end":{"line":37,"column":60}},"13":{"start":{"line":37,"column":31},"end":{"line":37,"column":60}},"14":{"start":{"line":39,"column":52},"end":{"line":41,"column":null}},"15":{"start":{"line":40,"column":6},"end":{"line":40,"column":42}},"16":{"start":{"line":46,"column":24},"end":{"line":48,"column":null}},"17":{"start":{"line":50,"column":6},"end":{"line":50,"column":42}},"18":{"start":{"line":54,"column":20},"end":{"line":78,"column":1}},"19":{"start":{"line":59,"column":15},"end":{"line":59,"column":43}},"20":{"start":{"line":61,"column":2},"end":{"line":77,"column":4}},"21":{"start":{"line":64,"column":6},"end":{"line":66,"column":null}},"22":{"start":{"line":65,"column":8},"end":{"line":65,"column":35}},"23":{"start":{"line":67,"column":6},"end":{"line":69,"column":null}},"24":{"start":{"line":68,"column":8},"end":{"line":68,"column":43}},"25":{"start":{"line":70,"column":6},"end":{"line":70,"column":50}},"26":{"start":{"line":72,"column":63},"end":{"line":74,"column":null}},"27":{"start":{"line":73,"column":6},"end":{"line":73,"column":32}},"28":{"start":{"line":75,"column":53},"end":{"line":76,"column":null}},"29":{"start":{"line":76,"column":6},"end":{"line":76,"column":null}},"30":{"start":{"line":91,"column":20},"end":{"line":94,"column":71}},"31":{"start":{"line":94,"column":5},"end":{"line":94,"column":71}},"32":{"start":{"line":96,"column":13},"end":{"line":104,"column":2}},"33":{"start":{"line":98,"column":4},"end":{"line":100,"column":null}},"34":{"start":{"line":103,"column":4},"end":{"line":103,"column":65}}},"fnMap":{"0":{"name":"(anonymous_8)","decl":{"start":{"line":23,"column":2},"end":{"line":23,"column":3}},"loc":{"start":{"line":31,"column":2},"end":{"line":51,"column":null}}},"1":{"name":"(anonymous_9)","decl":{"start":{"line":27,"column":23},"end":{"line":27,"column":30}},"loc":{"start":{"line":27,"column":53},"end":{"line":29,"column":null}}},"2":{"name":"(anonymous_10)","decl":{"start":{"line":27,"column":53},"end":{"line":27,"column":null}},"loc":{"start":{"line":27,"column":53},"end":{"line":29,"column":5}}},"3":{"name":"(anonymous_11)","decl":{"start":{"line":31,"column":2},"end":{"line":31,"column":3}},"loc":{"start":{"line":31,"column":14},"end":{"line":51,"column":null}}},"4":{"name":"(anonymous_12)","decl":{"start":{"line":33,"column":9},"end":{"line":33,"column":12}},"loc":{"start":{"line":33,"column":15},"end":{"line":33,"column":25}}},"5":{"name":"(anonymous_13)","decl":{"start":{"line":35,"column":15},"end":{"line":35,"column":22}},"loc":{"start":{"line":35,"column":45},"end":{"line":38,"column":null}}},"6":{"name":"(anonymous_14)","decl":{"start":{"line":35,"column":45},"end":{"line":35,"column":null}},"loc":{"start":{"line":35,"column":45},"end":{"line":38,"column":null}}},"7":{"name":"(anonymous_15)","decl":{"start":{"line":36,"column":24},"end":{"line":36,"column":25}},"loc":{"start":{"line":37,"column":8},"end":{"line":37,"column":72}}},"8":{"name":"(anonymous_16)","decl":{"start":{"line":37,"column":19},"end":{"line":37,"column":28}},"loc":{"start":{"line":37,"column":30},"end":{"line":37,"column":60}}},"9":{"name":"(anonymous_17)","decl":{"start":{"line":37,"column":30},"end":{"line":37,"column":31}},"loc":{"start":{"line":37,"column":30},"end":{"line":37,"column":60}}},"10":{"name":"(anonymous_18)","decl":{"start":{"line":39,"column":22},"end":{"line":39,"column":29}},"loc":{"start":{"line":39,"column":52},"end":{"line":41,"column":null}}},"11":{"name":"(anonymous_19)","decl":{"start":{"line":39,"column":52},"end":{"line":39,"column":null}},"loc":{"start":{"line":39,"column":52},"end":{"line":41,"column":5}}},"12":{"name":"(anonymous_20)","decl":{"start":{"line":42,"column":23},"end":{"line":42,"column":null}},"loc":{"start":{"line":45,"column":8},"end":{"line":51,"column":5}}},"13":{"name":"(anonymous_21)","decl":{"start":{"line":54,"column":20},"end":{"line":54,"column":null}},"loc":{"start":{"line":58,"column":4},"end":{"line":78,"column":1}}},"14":{"name":"(anonymous_22)","decl":{"start":{"line":63,"column":20},"end":{"line":63,"column":21}},"loc":{"start":{"line":63,"column":74},"end":{"line":71,"column":5}}},"15":{"name":"(anonymous_23)","decl":{"start":{"line":72,"column":16},"end":{"line":72,"column":23}},"loc":{"start":{"line":72,"column":63},"end":{"line":74,"column":null}}},"16":{"name":"(anonymous_24)","decl":{"start":{"line":72,"column":63},"end":{"line":72,"column":null}},"loc":{"start":{"line":72,"column":63},"end":{"line":74,"column":5}}},"17":{"name":"(anonymous_25)","decl":{"start":{"line":75,"column":22},"end":{"line":75,"column":29}},"loc":{"start":{"line":75,"column":53},"end":{"line":76,"column":null}}},"18":{"name":"(anonymous_26)","decl":{"start":{"line":75,"column":53},"end":{"line":75,"column":null}},"loc":{"start":{"line":75,"column":53},"end":{"line":76,"column":null}}},"19":{"name":"(anonymous_27)","decl":{"start":{"line":91,"column":20},"end":{"line":91,"column":null}},"loc":{"start":{"line":94,"column":5},"end":{"line":94,"column":71}}},"20":{"name":"(anonymous_28)","decl":{"start":{"line":97,"column":10},"end":{"line":97,"column":13}},"loc":{"start":{"line":98,"column":4},"end":{"line":100,"column":null}}},"21":{"name":"(anonymous_29)","decl":{"start":{"line":102,"column":14},"end":{"line":102,"column":15}},"loc":{"start":{"line":103,"column":4},"end":{"line":103,"column":65}}}},"branchMap":{"0":{"loc":{"start":{"line":27,"column":4},"end":{"line":29,"column":null}},"type":"default-arg","locations":[{"start":{"line":27,"column":23},"end":{"line":29,"column":null}}]},"1":{"loc":{"start":{"line":55,"column":2},"end":{"line":55,"column":10}},"type":"default-arg","locations":[{"start":{"line":55,"column":9},"end":{"line":55,"column":10}}]},"2":{"loc":{"start":{"line":56,"column":2},"end":{"line":56,"column":29}},"type":"default-arg","locations":[{"start":{"line":56,"column":22},"end":{"line":56,"column":29}}]},"3":{"loc":{"start":{"line":57,"column":2},"end":{"line":57,"column":34}},"type":"default-arg","locations":[{"start":{"line":57,"column":13},"end":{"line":57,"column":34}}]},"4":{"loc":{"start":{"line":64,"column":6},"end":{"line":66,"column":null}},"type":"if","locations":[{"start":{"line":64,"column":6},"end":{"line":66,"column":null}}]},"5":{"loc":{"start":{"line":67,"column":6},"end":{"line":69,"column":null}},"type":"if","locations":[{"start":{"line":67,"column":6},"end":{"line":69,"column":null}}]},"6":{"loc":{"start":{"line":67,"column":10},"end":{"line":67,"column":51}},"type":"binary-expr","locations":[{"start":{"line":67,"column":10},"end":{"line":67,"column":17}},{"start":{"line":67,"column":21},"end":{"line":67,"column":51}}]},"7":{"loc":{"start":{"line":72,"column":51},"end":{"line":72,"column":59}},"type":"default-arg","locations":[{"start":{"line":72,"column":58},"end":{"line":72,"column":59}}]},"8":{"loc":{"start":{"line":102,"column":15},"end":{"line":102,"column":64}},"type":"default-arg","locations":[{"start":{"line":102,"column":62},"end":{"line":102,"column":64}}]}},"s":{"0":2,"1":2,"2":2,"3":2,"4":1,"5":1,"6":14,"7":14,"8":7,"9":2,"10":2,"11":2,"12":2,"13":2,"14":3,"15":3,"16":7,"17":7,"18":2,"19":9,"20":9,"21":5,"22":2,"23":5,"24":0,"25":5,"26":1,"27":1,"28":2,"29":2,"30":2,"31":14,"32":2,"33":5,"34":9},"f":{"0":14,"1":1,"2":1,"3":14,"4":7,"5":2,"6":2,"7":2,"8":2,"9":2,"10":3,"11":3,"12":7,"13":9,"14":5,"15":1,"16":1,"17":2,"18":2,"19":14,"20":5,"21":9},"b":{"0":[5],"1":[3],"2":[8],"3":[8],"4":[2],"5":[0],"6":[5,5],"7":[0],"8":[3]}}
,"/Users/cgombauld/node-js-tdd/src/infrastructure/command-line.ts": {"path":"/Users/cgombauld/node-js-tdd/src/infrastructure/command-line.ts","statementMap":{"0":{"start":{"line":14,"column":27},"end":{"line":19,"column":2}},"1":{"start":{"line":14,"column":66},"end":{"line":19,"column":2}},"2":{"start":{"line":14,"column":13},"end":{"line":14,"column":27}},"3":{"start":{"line":21,"column":27},"end":{"line":35,"column":1}},"4":{"start":{"line":25,"column":2},"end":{"line":34,"column":4}},"5":{"start":{"line":27,"column":22},"end":{"line":27,"column":33}},"6":{"start":{"line":28,"column":6},"end":{"line":28,"column":36}},"7":{"start":{"line":29,"column":6},"end":{"line":29,"column":28}},"8":{"start":{"line":31,"column":16},"end":{"line":31,"column":37}},"9":{"start":{"line":33,"column":26},"end":{"line":33,"column":37}},"10":{"start":{"line":21,"column":13},"end":{"line":21,"column":27}}},"fnMap":{"0":{"name":"(anonymous_0)","decl":{"start":{"line":14,"column":27},"end":{"line":14,"column":28}},"loc":{"start":{"line":14,"column":66},"end":{"line":19,"column":2}}},"1":{"name":"(anonymous_1)","decl":{"start":{"line":16,"column":11},"end":{"line":16,"column":12}},"loc":{"start":{"line":16,"column":34},"end":{"line":16,"column":37}}},"2":{"name":"(anonymous_2)","decl":{"start":{"line":21,"column":27},"end":{"line":21,"column":null}},"loc":{"start":{"line":23,"column":17},"end":{"line":35,"column":1}}},"3":{"name":"(anonymous_3)","decl":{"start":{"line":26,"column":18},"end":{"line":26,"column":19}},"loc":{"start":{"line":26,"column":41},"end":{"line":30,"column":5}}},"4":{"name":"(anonymous_4)","decl":{"start":{"line":31,"column":10},"end":{"line":31,"column":13}},"loc":{"start":{"line":31,"column":16},"end":{"line":31,"column":37}}},"5":{"name":"(anonymous_5)","decl":{"start":{"line":33,"column":20},"end":{"line":33,"column":23}},"loc":{"start":{"line":33,"column":26},"end":{"line":33,"column":37}}}},"branchMap":{"0":{"loc":{"start":{"line":14,"column":28},"end":{"line":14,"column":47}},"type":"default-arg","locations":[{"start":{"line":14,"column":45},"end":{"line":14,"column":47}}]}},"s":{"0":2,"1":5,"2":2,"3":2,"4":5,"5":2,"6":2,"7":2,"8":2,"9":3,"10":2},"f":{"0":5,"1":2,"2":5,"3":2,"4":2,"5":3},"b":{"0":[4]}}
,"/Users/cgombauld/node-js-tdd/src/utils/withConstructor.ts": {"path":"/Users/cgombauld/node-js-tdd/src/utils/withConstructor.ts","statementMap":{"0":{"start":{"line":1,"column":31},"end":{"line":5,"column":null}},"1":{"start":{"line":1,"column":52},"end":{"line":5,"column":null}},"2":{"start":{"line":1,"column":64},"end":{"line":5,"column":null}},"3":{"start":{"line":1,"column":13},"end":{"line":1,"column":31}}},"fnMap":{"0":{"name":"(anonymous_0)","decl":{"start":{"line":1,"column":31},"end":{"line":1,"column":32}},"loc":{"start":{"line":1,"column":52},"end":{"line":5,"column":null}}},"1":{"name":"(anonymous_1)","decl":{"start":{"line":1,"column":52},"end":{"line":1,"column":53}},"loc":{"start":{"line":1,"column":64},"end":{"line":5,"column":null}}}},"branchMap":{},"s":{"0":2,"1":14,"2":14,"3":2},"f":{"0":14,"1":14},"b":{}}
}
