TN:
SF:src/app/app.ts
FN:9,(anonymous_0)
FNF:1
FNH:1
FNDA:3,(anonymous_0)
DA:1,1
DA:8,1
DA:10,3
DA:11,3
DA:12,2
DA:13,1
DA:14,1
DA:15,1
LF:8
LH:8
BRDA:11,0,0,1
BRDA:12,1,0,1
BRF:2
BRH:2
end_of_record
TN:
SF:src/app/rot13-server.ts
FN:4,(anonymous_7)
FN:5,(anonymous_8)
FN:5,(anonymous_9)
FN:18,(anonymous_10)
FN:31,(anonymous_11)
FN:31,(anonymous_12)
FNF:6
FNH:6
FNDA:4,(anonymous_7)
FNDA:2,(anonymous_8)
FNDA:2,(anonymous_9)
FNDA:1,(anonymous_10)
FNDA:4,(anonymous_11)
FNDA:4,(anonymous_12)
DA:4,1
DA:5,4
DA:18,2
DA:19,1
DA:20,1
DA:27,2
DA:28,2
DA:30,4
DA:31,4
DA:32,4
DA:33,4
DA:34,1
DA:35,3
DA:36,1
DA:37,2
DA:38,2
LF:16
LH:16
BRDA:33,0,0,1
BRDA:35,1,0,1
BRF:2
BRH:2
end_of_record
TN:
SF:src/core/rot13.ts
FN:1,(anonymous_0)
FN:3,(anonymous_1)
FN:9,(anonymous_2)
FN:12,(anonymous_3)
FN:15,(anonymous_4)
FNF:5
FNH:5
FNDA:84,(anonymous_0)
FNDA:59,(anonymous_1)
FNDA:84,(anonymous_2)
FNDA:8,(anonymous_3)
FNDA:84,(anonymous_4)
DA:1,84
DA:3,2
DA:4,59
DA:5,59
DA:6,59
DA:9,2
DA:10,84
DA:12,2
DA:13,8
DA:15,84
LF:10
LH:10
BRDA:5,0,0,31
BRDA:5,0,1,28
BRDA:10,1,0,25
BRDA:10,1,1,59
BRF:4
BRH:4
end_of_record
TN:
SF:src/infrastructure/command-line.ts
FN:14,(anonymous_0)
FN:16,(anonymous_1)
FN:22,(anonymous_2)
FN:27,(anonymous_3)
FN:32,(anonymous_4)
FN:34,(anonymous_5)
FNF:6
FNH:6
FNDA:11,(anonymous_0)
FNDA:9,(anonymous_1)
FNDA:11,(anonymous_2)
FNDA:9,(anonymous_3)
FNDA:9,(anonymous_4)
FNDA:9,(anonymous_5)
DA:14,11
DA:22,3
DA:26,11
DA:28,9
DA:29,9
DA:30,9
DA:32,9
DA:34,9
LF:8
LH:8
BRDA:14,0,0,3
BRF:1
BRH:1
end_of_record
TN:
SF:src/infrastructure/http-request.ts
FN:5,(anonymous_0)
FN:5,(anonymous_1)
FN:15,(anonymous_2)
FNF:3
FNH:3
FNDA:6,(anonymous_0)
FNDA:6,(anonymous_1)
FNDA:6,(anonymous_2)
DA:2,3
DA:5,6
DA:6,6
DA:14,3
DA:16,6
LF:5
LH:5
BRF:0
BRH:0
end_of_record
TN:
SF:src/infrastructure/http-server.ts
FN:7,(anonymous_8)
FN:10,(anonymous_9)
FN:11,(anonymous_10)
FN:14,(anonymous_11)
FN:15,(anonymous_12)
FN:20,(anonymous_13)
FN:44,(anonymous_14)
FN:59,(anonymous_15)
FN:59,(anonymous_16)
FN:64,(anonymous_17)
FN:65,(anonymous_18)
FN:65,(anonymous_19)
FN:66,(anonymous_20)
FN:72,(anonymous_21)
FN:79,(anonymous_22)
FN:88,(anonymous_23)
FN:97,(anonymous_24)
FN:97,(anonymous_25)
FN:98,(anonymous_26)
FN:107,(anonymous_27)
FN:107,(anonymous_28)
FN:119,(anonymous_29)
FN:125,(anonymous_30)
FNF:23
FNH:23
FNDA:5,(anonymous_8)
FNDA:5,(anonymous_9)
FNDA:5,(anonymous_10)
FNDA:1,(anonymous_11)
FNDA:1,(anonymous_12)
FNDA:5,(anonymous_13)
FNDA:8,(anonymous_14)
FNDA:20,(anonymous_15)
FNDA:20,(anonymous_16)
FNDA:4,(anonymous_17)
FNDA:18,(anonymous_18)
FNDA:18,(anonymous_19)
FNDA:18,(anonymous_20)
FNDA:1,(anonymous_21)
FNDA:6,(anonymous_22)
FNDA:3,(anonymous_23)
FNDA:13,(anonymous_24)
FNDA:13,(anonymous_25)
FNDA:13,(anonymous_26)
FNDA:3,(anonymous_27)
FNDA:3,(anonymous_28)
FNDA:12,(anonymous_29)
FNDA:8,(anonymous_30)
DA:1,3
DA:2,3
DA:3,3
DA:4,3
DA:8,5
DA:11,5
DA:15,1
DA:19,3
DA:20,5
DA:44,3
DA:48,8
DA:49,8
DA:51,1
DA:59,20
DA:62,20
DA:64,4
DA:65,18
DA:66,18
DA:67,18
DA:68,1
DA:70,17
DA:71,17
DA:72,17
DA:73,1
DA:77,17
DA:83,6
DA:87,6
DA:88,6
DA:89,3
DA:91,6
DA:94,17
DA:95,17
DA:97,13
DA:98,13
DA:99,13
DA:100,1
DA:103,12
DA:104,12
DA:105,12
DA:107,3
DA:108,3
DA:109,1
DA:113,2
DA:118,3
DA:120,12
DA:126,8
LF:46
LH:46
BRDA:67,0,0,1
BRDA:87,1,0,6
BRDA:87,1,1,4
BRDA:88,2,0,6
BRDA:88,2,1,4
BRDA:91,3,0,6
BRDA:91,3,1,4
BRDA:99,4,0,1
BRDA:108,5,0,1
BRF:9
BRH:9
end_of_record
TN:
SF:src/infrastructure/utils/buildInfrastructure.ts
FN:16,(anonymous_0)
FNF:1
FNH:1
FNDA:26,(anonymous_0)
DA:2,3
DA:3,3
DA:16,3
DA:21,26
LF:4
LH:4
BRF:0
BRH:0
end_of_record
TN:
SF:src/test-helper/helper.ts
FN:11,(anonymous_8)
FN:17,(anonymous_9)
FN:18,(anonymous_10)
FN:22,(anonymous_11)
FN:25,(anonymous_12)
FN:27,(anonymous_13)
FN:30,(anonymous_14)
FN:31,(anonymous_15)
FNF:8
FNH:5
FNDA:4,(anonymous_8)
FNDA:4,(anonymous_9)
FNDA:4,(anonymous_10)
FNDA:0,(anonymous_11)
FNDA:4,(anonymous_12)
FNDA:0,(anonymous_13)
FNDA:0,(anonymous_14)
FNDA:4,(anonymous_15)
DA:1,1
DA:11,1
DA:17,4
DA:18,4
DA:19,4
DA:21,4
DA:22,4
DA:23,4
DA:25,4
DA:26,4
DA:27,4
DA:28,0
DA:30,4
DA:31,4
DA:32,4
DA:33,4
DA:34,4
DA:35,4
DA:37,4
LF:19
LH:18
BRDA:19,0,0,3
BRDA:19,1,0,4
BRDA:19,1,1,3
BRDA:19,2,0,3
BRDA:19,2,1,0
BRDA:19,3,0,3
BRDA:19,3,1,3
BRDA:22,4,0,4
BRDA:22,4,1,0
BRDA:22,5,0,4
BRDA:22,5,1,4
BRF:11
BRH:9
end_of_record
TN:
SF:src/utils/withConstructor.ts
FN:1,(anonymous_0)
FN:1,(anonymous_1)
FNF:2
FNH:2
FNDA:26,(anonymous_0)
FNDA:26,(anonymous_1)
DA:1,26
LF:1
LH:1
BRF:0
BRH:0
end_of_record
