TN:
SF:src/app/app.ts
FN:9,(anonymous_0)
FNF:1
FNH:1
FNDA:3,(anonymous_0)
DA:1,1
DA:8,1
DA:10,3
DA:11,3
DA:12,2
DA:13,1
DA:14,1
DA:15,1
LF:8
LH:8
BRDA:11,0,0,1
BRDA:12,1,0,1
BRF:2
BRH:2
end_of_record
TN:
SF:src/core/rot13.ts
FN:1,(anonymous_0)
FN:3,(anonymous_1)
FN:9,(anonymous_2)
FN:12,(anonymous_3)
FN:15,(anonymous_4)
FNF:5
FNH:5
FNDA:84,(anonymous_0)
FNDA:59,(anonymous_1)
FNDA:84,(anonymous_2)
FNDA:8,(anonymous_3)
FNDA:84,(anonymous_4)
DA:1,84
DA:3,2
DA:4,59
DA:5,59
DA:6,59
DA:9,2
DA:10,84
DA:12,2
DA:13,8
DA:15,84
LF:10
LH:10
BRDA:5,0,0,31
BRDA:5,0,1,28
BRDA:10,1,0,25
BRDA:10,1,1,59
BRF:4
BRH:4
end_of_record
TN:
SF:src/infrastructure/command-line.ts
FN:8,(anonymous_0)
FN:10,(anonymous_1)
FN:16,(anonymous_2)
FN:19,(anonymous_3)
FN:24,(anonymous_4)
FN:26,(anonymous_5)
FNF:6
FNH:6
FNDA:3,(anonymous_0)
FNDA:3,(anonymous_1)
FNDA:3,(anonymous_2)
FNDA:3,(anonymous_3)
FNDA:3,(anonymous_4)
FNDA:3,(anonymous_5)
DA:8,3
DA:16,1
DA:18,3
DA:20,3
DA:21,3
DA:22,3
DA:24,3
DA:26,3
LF:8
LH:8
BRDA:8,0,0,0
BRF:1
BRH:0
end_of_record
